<?xml version="1.0" encoding="UTF-8"?>
<!-- Generated by org.testng.reporters.JUnitReportReporter -->
<testsuite hostname="DESKTOP-AELALK6" failures="0" tests="1" name="TestNGBasics.TestNGExample2" time="0.020" errors="0" timestamp="2023-05-18T07:02:04 IST" skipped="0">
  <testcase classname="TestNGBasics.TestNGExample2" name="SendEMail" time="0.020"/>
  <system-out/>
</testsuite> <!-- TestNGBasics.TestNGExample2 -->
