<?xml version="1.0" encoding="UTF-8"?>
<!-- Generated by org.testng.reporters.JUnitReportReporter -->
<testsuite hostname="DESKTOP-AELALK6" failures="0" tests="4" name="TestNGBasics.TestNGBasics" time="0.249" errors="0" timestamp="2023-05-18T07:18:58 IST" skipped="0">
  <testcase classname="TestNGBasics.TestNGBasics" name="Test4" time="0.175"/>
  <system-out/>
  <testcase classname="TestNGBasics.TestNGBasics" name="Test2" time="0.015"/>
  <system-out/>
  <testcase classname="TestNGBasics.TestNGBasics" name="Test3" time="0.021"/>
  <system-out/>
  <testcase classname="TestNGBasics.TestNGBasics" name="Test1" time="0.038"/>
  <system-out/>
</testsuite> <!-- TestNGBasics.TestNGBasics -->
